Stary:1 http://pl.archive.ubuntu.com/ubuntu bionic InRelease
Stary:2 http://pl.archive.ubuntu.com/ubuntu bionic-updates InRelease
Pobieranie:3 http://security.ubuntu.com/ubuntu bionic-security InRelease [88,7 kB]
Stary:4 http://pl.archive.ubuntu.com/ubuntu bionic-backports InRelease
Stary:5 http://packages.microsoft.com/repos/vscode stable InRelease
Pobrano 88,7 kB w 1s (151 kB/s)
Czytanie list pakietów...
Czytanie list pakietów...
Budowanie drzewa zależności...
Odczyt informacji o stanie...
Obliczanie aktualizacji...
Następujące pakiety zostaną zaktualizowane:
  amd64-microcode bind9-host code dnsutils intel-microcode libbind9-160
  libdjvulibre-text libdjvulibre21 libdns-export1100 libdns1100 libirs160
  libisc-export169 libisc169 libisccc160 libisccfg160 liblwres160
  libnss-myhostname libnss-systemd libnss3 libpam-systemd libpython3.6
  libpython3.6-minimal libpython3.6-stdlib libruby2.5 libsgutils2-2
  libsystemd0 libudev1 libvpx5 python3-distupgrade python3.6 python3.6-minimal
  ruby2.5 snapd systemd systemd-sysv thunderbird thunderbird-gnome-support
  thunderbird-locale-en thunderbird-locale-en-us ubuntu-drivers-common
  ubuntu-release-upgrader-core ubuntu-release-upgrader-gtk udev
  xserver-xorg-hwe-18.04 xserver-xorg-input-all-hwe-18.04
  xserver-xorg-video-all-hwe-18.04
46 aktualizowanych, 0 nowo instalowanych, 0 usuwanych i 0 nieaktualizowanych.
Konieczne pobranie 135 MB archiwów.
Po tej operacji zostanie dodatkowo użyte 16,3 MB miejsca na dysku.
Pobieranie:1 http://pl.archive.ubuntu.com/ubuntu bionic-updates/main amd64 libnss-systemd amd64 237-3ubuntu10.33 [106 kB]
Pobieranie:2 http://packages.microsoft.com/repos/vscode stable/main amd64 code amd64 1.40.2-1574694120 [56,6 MB]
Pobieranie:3 http://pl.archive.ubuntu.com/ubuntu bionic-updates/main amd64 libsystemd0 amd64 237-3ubuntu10.33 [205 kB]
Pobieranie:4 http://pl.archive.ubuntu.com/ubuntu bionic-updates/main amd64 libnss-myhostname amd64 237-3ubuntu10.33 [34,9 kB]
Pobieranie:5 http://pl.archive.ubuntu.com/ubuntu bionic-updates/main amd64 libpam-systemd amd64 237-3ubuntu10.33 [108 kB]
Pobieranie:6 http://pl.archive.ubuntu.com/ubuntu bionic-updates/main amd64 systemd amd64 237-3ubuntu10.33 [2 905 kB]
Pobieranie:7 http://pl.archive.ubuntu.com/ubuntu bionic-updates/main amd64 udev amd64 237-3ubuntu10.33 [1 102 kB]
Pobieranie:8 http://pl.archive.ubuntu.com/ubuntu bionic-updates/main amd64 libudev1 amd64 237-3ubuntu10.33 [54,6 kB]
Pobieranie:9 http://pl.archive.ubuntu.com/ubuntu bionic-updates/main amd64 systemd-sysv amd64 237-3ubuntu10.33 [12,5 kB]
Pobieranie:10 http://pl.archive.ubuntu.com/ubuntu bionic-updates/main amd64 libpython3.6 amd64 3.6.9-1~18.04 [1 414 kB]
Pobieranie:11 http://pl.archive.ubuntu.com/ubuntu bionic-updates/main amd64 python3.6 amd64 3.6.9-1~18.04 [203 kB]
Pobieranie:12 http://pl.archive.ubuntu.com/ubuntu bionic-updates/main amd64 libpython3.6-stdlib amd64 3.6.9-1~18.04 [1 709 kB]
Pobieranie:13 http://pl.archive.ubuntu.com/ubuntu bionic-updates/main amd64 python3.6-minimal amd64 3.6.9-1~18.04 [1 610 kB]
Pobieranie:14 http://pl.archive.ubuntu.com/ubuntu bionic-updates/main amd64 libpython3.6-minimal amd64 3.6.9-1~18.04 [533 kB]
Pobieranie:15 http://pl.archive.ubuntu.com/ubuntu bionic-updates/main amd64 ubuntu-drivers-common amd64 1:0.5.2.4 [43,4 kB]
Pobieranie:16 http://pl.archive.ubuntu.com/ubuntu bionic-updates/main amd64 libisc-export169 amd64 1:9.11.3+dfsg-1ubuntu1.11 [163 kB]
Pobieranie:17 http://pl.archive.ubuntu.com/ubuntu bionic-updates/main amd64 libdns-export1100 amd64 1:9.11.3+dfsg-1ubuntu1.11 [749 kB]
Pobieranie:18 http://pl.archive.ubuntu.com/ubuntu bionic-updates/main amd64 libirs160 amd64 1:9.11.3+dfsg-1ubuntu1.11 [19,1 kB]
Pobieranie:19 http://pl.archive.ubuntu.com/ubuntu bionic-updates/main amd64 bind9-host amd64 1:9.11.3+dfsg-1ubuntu1.11 [53,6 kB]
Pobieranie:20 http://pl.archive.ubuntu.com/ubuntu bionic-updates/main amd64 dnsutils amd64 1:9.11.3+dfsg-1ubuntu1.11 [145 kB]
Pobieranie:21 http://pl.archive.ubuntu.com/ubuntu bionic-updates/main amd64 libbind9-160 amd64 1:9.11.3+dfsg-1ubuntu1.11 [27,6 kB]
Pobieranie:22 http://pl.archive.ubuntu.com/ubuntu bionic-updates/main amd64 libisccfg160 amd64 1:9.11.3+dfsg-1ubuntu1.11 [48,5 kB]
Pobieranie:23 http://pl.archive.ubuntu.com/ubuntu bionic-updates/main amd64 libisccc160 amd64 1:9.11.3+dfsg-1ubuntu1.11 [17,9 kB]
Pobieranie:24 http://pl.archive.ubuntu.com/ubuntu bionic-updates/main amd64 libdns1100 amd64 1:9.11.3+dfsg-1ubuntu1.11 [966 kB]
Pobieranie:25 http://pl.archive.ubuntu.com/ubuntu bionic-updates/main amd64 libisc169 amd64 1:9.11.3+dfsg-1ubuntu1.11 [237 kB]
Pobieranie:26 http://pl.archive.ubuntu.com/ubuntu bionic-updates/main amd64 liblwres160 amd64 1:9.11.3+dfsg-1ubuntu1.11 [34,5 kB]
Pobieranie:27 http://pl.archive.ubuntu.com/ubuntu bionic-updates/main amd64 ubuntu-release-upgrader-gtk all 1:18.04.36 [9 376 B]
Pobieranie:28 http://pl.archive.ubuntu.com/ubuntu bionic-updates/main amd64 ubuntu-release-upgrader-core all 1:18.04.36 [25,4 kB]
Pobieranie:29 http://pl.archive.ubuntu.com/ubuntu bionic-updates/main amd64 python3-distupgrade all 1:18.04.36 [107 kB]
Pobieranie:30 http://pl.archive.ubuntu.com/ubuntu bionic-updates/main amd64 libnss3 amd64 2:3.35-2ubuntu2.5 [1 136 kB]
